<?xml version="1.0" encoding="UTF-8"?>
<!-- Generated by org.testng.reporters.JUnitReportReporter -->
<testsuite hostname="DESKTOP-Jessi" failures="0" tests="1" name="test.CodeChallengeTest" time="16.810" errors="0" timestamp="2023-11-05T19:13:34 ART" skipped="0">
  <testcase classname="test.CodeChallengeTest" name="CodeChallengeTest" time="16.810"/>
</testsuite> <!-- test.CodeChallengeTest -->
